[INFO] Scanning for projects...
[ERROR] [ERROR] Some problems were encountered while processing the POMs:
[WARNING] 'dependencies.dependency.(groupId:artifactId:type:classifier)' must be unique: org.apache.logging.log4j:log4j-api:jar -> duplicate declaration of version 2.9.1 @ mf_test_utils:test_utils:[unknown-version], D:\mygitHub\utils\pom.xml, line 61, column 21
[WARNING] 'dependencies.dependency.(groupId:artifactId:type:classifier)' must be unique: org.jetbrains:annotations-java5:jar -> duplicate declaration of version RELEASE @ mf_test_utils:test_utils:[unknown-version], D:\mygitHub\utils\pom.xml, line 77, column 21
[WARNING] 'build.plugins.plugin.version' for org.apache.maven.plugins:maven-compiler-plugin is missing. @ mf_test_utils:test_utils:[unknown-version], D:\mygitHub\utils\pom.xml, line 16, column 21
[ERROR] 'dependencies.dependency.version' for org.springframework.boot:spring-boot-starter-test:jar is missing. @ mf_test_wsb:mf_parent:1.0-SNAPSHOT, D:\mygitHub\pom.xml, line 19, column 21
[ERROR] 'dependencies.dependency.version' for org.spockframework:spock-core:jar is missing. @ mf_test_wsb:mf_parent:1.0-SNAPSHOT, D:\mygitHub\pom.xml, line 24, column 21
[ERROR] 'dependencies.dependency.version' for org.spockframework:spock-spring:jar is missing. @ mf_test_wsb:mf_parent:1.0-SNAPSHOT, D:\mygitHub\pom.xml, line 29, column 21
 @ 
[ERROR] The build could not read 1 project -> [Help 1]
[ERROR]   
[ERROR]   The project mf_test_utils:test_utils:1.0-SNAPSHOT (D:\mygitHub\utils\pom.xml) has 3 errors
[ERROR]     'dependencies.dependency.version' for org.springframework.boot:spring-boot-starter-test:jar is missing. @ mf_test_wsb:mf_parent:1.0-SNAPSHOT, D:\mygitHub\pom.xml, line 19, column 21
[ERROR]     'dependencies.dependency.version' for org.spockframework:spock-core:jar is missing. @ mf_test_wsb:mf_parent:1.0-SNAPSHOT, D:\mygitHub\pom.xml, line 24, column 21
[ERROR]     'dependencies.dependency.version' for org.spockframework:spock-spring:jar is missing. @ mf_test_wsb:mf_parent:1.0-SNAPSHOT, D:\mygitHub\pom.xml, line 29, column 21
[ERROR] 
[ERROR] To see the full stack trace of the errors, re-run Maven with the -e switch.
[ERROR] Re-run Maven using the -X switch to enable full debug logging.
[ERROR] 
[ERROR] For more information about the errors and possible solutions, please read the following articles:
[ERROR] [Help 1] http://cwiki.apache.org/confluence/display/MAVEN/ProjectBuildingException
